[Fri Oct 18 18:26:58.810811 2024] [ssl:warn] [pid 13924:tid 432] AH01909: www.example.com:443:0 server certificate does NOT include an ID which matches the server name
[Fri Oct 18 18:26:58.967488 2024] [ssl:warn] [pid 13924:tid 432] AH01909: www.example.com:443:0 server certificate does NOT include an ID which matches the server name
[Fri Oct 18 18:26:59.155833 2024] [mpm_winnt:notice] [pid 13924:tid 432] AH00455: Apache/2.4.58 (Win64) OpenSSL/3.1.3 PHP/8.2.12 configured -- resuming normal operations
[Fri Oct 18 18:26:59.155833 2024] [mpm_winnt:notice] [pid 13924:tid 432] AH00456: Apache Lounge VS17 Server built: Oct 18 2023 13:03:18
[Fri Oct 18 18:26:59.155833 2024] [core:notice] [pid 13924:tid 432] AH00094: Command line: 'c:\\users\\conta\\onedrive\\documents\\github\\webproject\\database\\apache\\bin\\httpd.exe -d C:/Users/conta/OneDrive/Documents/GitHub/Webproject/Database/apache'
[Fri Oct 18 18:26:59.179478 2024] [mpm_winnt:notice] [pid 13924:tid 432] AH00418: Parent: Created child process 11796
[Fri Oct 18 18:27:01.257617 2024] [ssl:warn] [pid 11796:tid 404] AH01909: www.example.com:443:0 server certificate does NOT include an ID which matches the server name
[Fri Oct 18 18:27:01.361176 2024] [ssl:warn] [pid 11796:tid 404] AH01909: www.example.com:443:0 server certificate does NOT include an ID which matches the server name
[Fri Oct 18 18:27:01.496338 2024] [mpm_winnt:notice] [pid 11796:tid 404] AH00354: Child: Starting 150 worker threads.
[Tue Oct 22 09:11:07.942295 2024] [ssl:warn] [pid 13748:tid 392] AH01909: www.example.com:443:0 server certificate does NOT include an ID which matches the server name
[Tue Oct 22 09:11:08.101130 2024] [core:warn] [pid 13748:tid 392] AH00098: pid file C:/Users/conta/OneDrive/Documents/GitHub/Webproject/Database/apache/logs/httpd.pid overwritten -- Unclean shutdown of previous Apache run?
[Tue Oct 22 09:11:08.125221 2024] [ssl:warn] [pid 13748:tid 392] AH01909: www.example.com:443:0 server certificate does NOT include an ID which matches the server name
[Tue Oct 22 09:11:08.563005 2024] [mpm_winnt:notice] [pid 13748:tid 392] AH00455: Apache/2.4.58 (Win64) OpenSSL/3.1.3 PHP/8.2.12 configured -- resuming normal operations
[Tue Oct 22 09:11:08.563005 2024] [mpm_winnt:notice] [pid 13748:tid 392] AH00456: Apache Lounge VS17 Server built: Oct 18 2023 13:03:18
[Tue Oct 22 09:11:08.563005 2024] [core:notice] [pid 13748:tid 392] AH00094: Command line: 'c:\\users\\conta\\onedrive\\documents\\github\\webproject\\database\\apache\\bin\\httpd.exe -d C:/Users/conta/OneDrive/Documents/GitHub/Webproject/Database/apache'
[Tue Oct 22 09:11:08.574528 2024] [mpm_winnt:notice] [pid 13748:tid 392] AH00418: Parent: Created child process 22300
[Tue Oct 22 09:11:10.405729 2024] [ssl:warn] [pid 22300:tid 388] AH01909: www.example.com:443:0 server certificate does NOT include an ID which matches the server name
[Tue Oct 22 09:11:10.516594 2024] [ssl:warn] [pid 22300:tid 388] AH01909: www.example.com:443:0 server certificate does NOT include an ID which matches the server name
[Tue Oct 22 09:11:10.635113 2024] [mpm_winnt:notice] [pid 22300:tid 388] AH00354: Child: Starting 150 worker threads.
[Tue Oct 22 20:43:52.794454 2024] [ssl:warn] [pid 18800:tid 392] AH01909: www.example.com:443:0 server certificate does NOT include an ID which matches the server name
[Tue Oct 22 20:43:52.935078 2024] [core:warn] [pid 18800:tid 392] AH00098: pid file C:/Users/conta/OneDrive/Documents/GitHub/Webproject/Database/apache/logs/httpd.pid overwritten -- Unclean shutdown of previous Apache run?
[Tue Oct 22 20:43:52.935078 2024] [ssl:warn] [pid 18800:tid 392] AH01909: www.example.com:443:0 server certificate does NOT include an ID which matches the server name
[Tue Oct 22 20:43:53.451011 2024] [mpm_winnt:notice] [pid 18800:tid 392] AH00455: Apache/2.4.58 (Win64) OpenSSL/3.1.3 PHP/8.2.12 configured -- resuming normal operations
[Tue Oct 22 20:43:53.451011 2024] [mpm_winnt:notice] [pid 18800:tid 392] AH00456: Apache Lounge VS17 Server built: Oct 18 2023 13:03:18
[Tue Oct 22 20:43:53.451011 2024] [core:notice] [pid 18800:tid 392] AH00094: Command line: 'c:\\users\\conta\\onedrive\\documents\\github\\webproject\\database\\apache\\bin\\httpd.exe -d C:/Users/conta/OneDrive/Documents/GitHub/Webproject/Database/apache'
[Tue Oct 22 20:43:53.451011 2024] [mpm_winnt:notice] [pid 18800:tid 392] AH00418: Parent: Created child process 17476
[Tue Oct 22 20:43:54.749718 2024] [ssl:warn] [pid 17476:tid 384] AH01909: www.example.com:443:0 server certificate does NOT include an ID which matches the server name
[Tue Oct 22 20:43:54.843826 2024] [ssl:warn] [pid 17476:tid 384] AH01909: www.example.com:443:0 server certificate does NOT include an ID which matches the server name
[Tue Oct 22 20:43:54.937633 2024] [mpm_winnt:notice] [pid 17476:tid 384] AH00354: Child: Starting 150 worker threads.
