2024-10-18 18:26:59 0 [Note] Starting MariaDB 10.4.32-MariaDB source revision c4143f909528e3fab0677a28631d10389354c491 as process 5064
2024-10-18 18:26:59 0 [Note] InnoDB: Mutexes and rw_locks use Windows interlocked functions
2024-10-18 18:26:59 0 [Note] InnoDB: Uses event mutexes
2024-10-18 18:26:59 0 [Note] InnoDB: Compressed tables use zlib 1.3
2024-10-18 18:26:59 0 [Note] InnoDB: Number of pools: 1
2024-10-18 18:26:59 0 [Note] InnoDB: Using SSE2 crc32 instructions
2024-10-18 18:26:59 0 [Note] InnoDB: Initializing buffer pool, total size = 16M, instances = 1, chunk size = 16M
2024-10-18 18:26:59 0 [Note] InnoDB: Completed initialization of buffer pool
2024-10-18 18:26:59 0 [Note] InnoDB: Starting crash recovery from checkpoint LSN=300288
2024-10-18 18:26:59 0 [Note] InnoDB: 128 out of 128 rollback segments are active.
2024-10-18 18:26:59 0 [Note] InnoDB: Removed temporary tablespace data file: "ibtmp1"
2024-10-18 18:26:59 0 [Note] InnoDB: Creating shared tablespace for temporary tables
2024-10-18 18:26:59 0 [Note] InnoDB: Setting file 'C:\Users\conta\OneDrive\Documents\GitHub\Webproject\Database\mysql\data\ibtmp1' size to 12 MB. Physically writing the file full; Please wait ...
2024-10-18 18:26:59 0 [Note] InnoDB: File 'C:\Users\conta\OneDrive\Documents\GitHub\Webproject\Database\mysql\data\ibtmp1' size is now 12 MB.
2024-10-18 18:26:59 0 [Note] InnoDB: 10.4.32 started; log sequence number 300297; transaction id 170
2024-10-18 18:26:59 0 [Note] InnoDB: Loading buffer pool(s) from C:\Users\conta\OneDrive\Documents\GitHub\Webproject\Database\mysql\data\ib_buffer_pool
2024-10-18 18:26:59 0 [Note] Plugin 'FEEDBACK' is disabled.
2024-10-18 18:26:59 0 [Note] InnoDB: Buffer pool(s) load completed at 241018 18:26:59
2024-10-18 18:26:59 0 [Note] Server socket created on IP: '::'.
2024-10-22  9:11:05 0 [Note] Starting MariaDB 10.4.32-MariaDB source revision c4143f909528e3fab0677a28631d10389354c491 as process 1348
2024-10-22  9:11:05 0 [Note] InnoDB: Mutexes and rw_locks use Windows interlocked functions
2024-10-22  9:11:05 0 [Note] InnoDB: Uses event mutexes
2024-10-22  9:11:05 0 [Note] InnoDB: Compressed tables use zlib 1.3
2024-10-22  9:11:05 0 [Note] InnoDB: Number of pools: 1
2024-10-22  9:11:05 0 [Note] InnoDB: Using SSE2 crc32 instructions
2024-10-22  9:11:05 0 [Note] InnoDB: Initializing buffer pool, total size = 16M, instances = 1, chunk size = 16M
2024-10-22  9:11:05 0 [Note] InnoDB: Completed initialization of buffer pool
2024-10-22  9:11:06 0 [Note] InnoDB: Starting crash recovery from checkpoint LSN=308357
2024-10-22  9:11:07 0 [Note] InnoDB: 128 out of 128 rollback segments are active.
2024-10-22  9:11:07 0 [Note] InnoDB: Removed temporary tablespace data file: "ibtmp1"
2024-10-22  9:11:07 0 [Note] InnoDB: Creating shared tablespace for temporary tables
2024-10-22  9:11:07 0 [Note] InnoDB: Setting file 'C:\Users\conta\OneDrive\Documents\GitHub\Webproject\Database\mysql\data\ibtmp1' size to 12 MB. Physically writing the file full; Please wait ...
2024-10-22  9:11:07 0 [Note] InnoDB: File 'C:\Users\conta\OneDrive\Documents\GitHub\Webproject\Database\mysql\data\ibtmp1' size is now 12 MB.
2024-10-22  9:11:08 0 [Note] InnoDB: Waiting for purge to start
2024-10-22  9:11:08 0 [Note] InnoDB: 10.4.32 started; log sequence number 308366; transaction id 206
2024-10-22  9:11:08 0 [Note] InnoDB: Loading buffer pool(s) from C:\Users\conta\OneDrive\Documents\GitHub\Webproject\Database\mysql\data\ib_buffer_pool
2024-10-22  9:11:08 0 [Note] Plugin 'FEEDBACK' is disabled.
2024-10-22  9:11:08 0 [Note] InnoDB: Buffer pool(s) load completed at 241022  9:11:08
2024-10-22  9:11:08 0 [Note] Server socket created on IP: '::'.
2024-10-22 20:43:52 0 [Note] Starting MariaDB 10.4.32-MariaDB source revision c4143f909528e3fab0677a28631d10389354c491 as process 16424
2024-10-22 20:43:52 0 [Note] InnoDB: Mutexes and rw_locks use Windows interlocked functions
2024-10-22 20:43:52 0 [Note] InnoDB: Uses event mutexes
2024-10-22 20:43:52 0 [Note] InnoDB: Compressed tables use zlib 1.3
2024-10-22 20:43:52 0 [Note] InnoDB: Number of pools: 1
2024-10-22 20:43:52 0 [Note] InnoDB: Using SSE2 crc32 instructions
2024-10-22 20:43:52 0 [Note] InnoDB: Initializing buffer pool, total size = 16M, instances = 1, chunk size = 16M
2024-10-22 20:43:52 0 [Note] InnoDB: Completed initialization of buffer pool
2024-10-22 20:43:52 0 [Note] InnoDB: Starting crash recovery from checkpoint LSN=313610
2024-10-22 20:43:52 0 [Note] InnoDB: 128 out of 128 rollback segments are active.
2024-10-22 20:43:52 0 [Note] InnoDB: Removed temporary tablespace data file: "ibtmp1"
2024-10-22 20:43:52 0 [Note] InnoDB: Creating shared tablespace for temporary tables
2024-10-22 20:43:52 0 [Note] InnoDB: Setting file 'C:\Users\conta\OneDrive\Documents\GitHub\Webproject\Database\mysql\data\ibtmp1' size to 12 MB. Physically writing the file full; Please wait ...
2024-10-22 20:43:52 0 [Note] InnoDB: File 'C:\Users\conta\OneDrive\Documents\GitHub\Webproject\Database\mysql\data\ibtmp1' size is now 12 MB.
2024-10-22 20:43:52 0 [Note] InnoDB: 10.4.32 started; log sequence number 313619; transaction id 242
2024-10-22 20:43:52 0 [Note] InnoDB: Loading buffer pool(s) from C:\Users\conta\OneDrive\Documents\GitHub\Webproject\Database\mysql\data\ib_buffer_pool
2024-10-22 20:43:52 0 [Note] Plugin 'FEEDBACK' is disabled.
2024-10-22 20:43:52 0 [Note] Server socket created on IP: '::'.
2024-10-22 20:44:21 0 [Note] Starting MariaDB 10.4.32-MariaDB source revision c4143f909528e3fab0677a28631d10389354c491 as process 18240
2024-10-22 20:44:21 0 [Note] InnoDB: Mutexes and rw_locks use Windows interlocked functions
2024-10-22 20:44:21 0 [Note] InnoDB: Uses event mutexes
2024-10-22 20:44:21 0 [Note] InnoDB: Compressed tables use zlib 1.3
2024-10-22 20:44:21 0 [Note] InnoDB: Number of pools: 1
2024-10-22 20:44:21 0 [Note] InnoDB: Using SSE2 crc32 instructions
2024-10-22 20:44:21 0 [Note] InnoDB: Initializing buffer pool, total size = 16M, instances = 1, chunk size = 16M
2024-10-22 20:44:21 0 [Note] InnoDB: Completed initialization of buffer pool
2024-10-22 20:44:21 0 [Note] InnoDB: Starting crash recovery from checkpoint LSN=313610
2024-10-22 20:44:21 0 [Note] InnoDB: 128 out of 128 rollback segments are active.
2024-10-22 20:44:21 0 [Note] InnoDB: Removed temporary tablespace data file: "ibtmp1"
2024-10-22 20:44:21 0 [Note] InnoDB: Creating shared tablespace for temporary tables
2024-10-22 20:44:21 0 [Note] InnoDB: Setting file 'C:\Users\conta\OneDrive\Documents\GitHub\Webproject\Database\mysql\data\ibtmp1' size to 12 MB. Physically writing the file full; Please wait ...
2024-10-22 20:44:21 0 [Note] InnoDB: File 'C:\Users\conta\OneDrive\Documents\GitHub\Webproject\Database\mysql\data\ibtmp1' size is now 12 MB.
2024-10-22 20:44:21 0 [Note] InnoDB: 10.4.32 started; log sequence number 313619; transaction id 242
2024-10-22 20:44:21 0 [Note] InnoDB: Loading buffer pool(s) from C:\Users\conta\OneDrive\Documents\GitHub\Webproject\Database\mysql\data\ib_buffer_pool
2024-10-22 20:44:21 0 [Note] Plugin 'FEEDBACK' is disabled.
2024-10-22 20:44:21 0 [Note] Server socket created on IP: '::'.
2024-10-22 20:44:21 0 [Note] InnoDB: Buffer pool(s) load completed at 241022 20:44:21
2024-10-22 20:44:21 0 [Note] Reading of all Master_info entries succeeded
2024-10-22 20:44:21 0 [Note] Added new Master_info '' to hash table
2024-10-22 20:44:21 0 [Note] c:\users\conta\onedrive\documents\github\webproject\database\mysql\bin\mysqld.exe: ready for connections.
Version: '10.4.32-MariaDB'  socket: ''  port: 3306  mariadb.org binary distribution
